Copyright 1986-2020 Xilinx, Inc. All Rights Reserved.
-----------------------------------------------------------------------------------------
| Tool Version : Vivado v.2020.1 (win64) Build 2902540 Wed May 27 19:54:49 MDT 2020
| Date         : Fri Nov  8 12:06:03 2024
| Host         : DESKTOP-4J7F1FN running 64-bit major release  (build 9200)
| Command      : report_control_sets -verbose -file BDv1_wrapper_control_sets_placed.rpt
| Design       : BDv1_wrapper
| Device       : xc7z010
-----------------------------------------------------------------------------------------

Control Set Information

Table of Contents
-----------------
1. Summary
2. Histogram
3. Flip-Flop Distribution
4. Detailed Control Set Information

1. Summary
----------

+----------------------------------------------------------+-------+
|                          Status                          | Count |
+----------------------------------------------------------+-------+
| Total control sets                                       |    58 |
|    Minimum number of control sets                        |    58 |
|    Addition due to synthesis replication                 |     0 |
|    Addition due to physical synthesis replication        |     0 |
| Unused register locations in slices containing registers |   175 |
+----------------------------------------------------------+-------+
* Control sets can be merged at opt_design using control_set_merge or merge_equivalent_drivers
** Run report_qor_suggestions for automated merging and remapping suggestions


2. Histogram
------------

+--------------------+-------+
|       Fanout       | Count |
+--------------------+-------+
| Total control sets |    58 |
| >= 0 to < 4        |     7 |
| >= 4 to < 6        |     9 |
| >= 6 to < 8        |     5 |
| >= 8 to < 10       |     9 |
| >= 10 to < 12      |     6 |
| >= 12 to < 14      |     1 |
| >= 14 to < 16      |     2 |
| >= 16              |    19 |
+--------------------+-------+
* Control sets can be remapped at either synth_design or opt_design


3. Flip-Flop Distribution
-------------------------

+--------------+-----------------------+------------------------+-----------------+--------------+
| Clock Enable | Synchronous Set/Reset | Asynchronous Set/Reset | Total Registers | Total Slices |
+--------------+-----------------------+------------------------+-----------------+--------------+
| No           | No                    | No                     |             188 |           55 |
| No           | No                    | Yes                    |               0 |            0 |
| No           | Yes                   | No                     |              93 |           39 |
| Yes          | No                    | No                     |             405 |           96 |
| Yes          | No                    | Yes                    |               0 |            0 |
| Yes          | Yes                   | No                     |             299 |          122 |
+--------------+-----------------------+------------------------+-----------------+--------------+


4. Detailed Control Set Information
-----------------------------------

+---------------------------------------------+------------------------------------------------------------------------------------------------------------------------------------------------------------+---------------------------------------------------------------------------------------------------------------------------------+------------------+----------------+--------------+
|                 Clock Signal                |                                                                        Enable Signal                                                                       |                                                         Set/Reset Signal                                                        | Slice Load Count | Bel Load Count | Bels / Slice |
+---------------------------------------------+------------------------------------------------------------------------------------------------------------------------------------------------------------+---------------------------------------------------------------------------------------------------------------------------------+------------------+----------------+--------------+
|  BDv1_i/processing_system7_0/inst/FCLK_CLK0 |                                                                                                                                                            | BDv1_i/axi_timer_0/U0/TC_CORE_I/TIMER_CONTROL_I/READ_DONE0_I_i_1_n_0                                                            |                1 |              1 |         1.00 |
|  BDv1_i/processing_system7_0/inst/FCLK_CLK0 |                                                                                                                                                            | BDv1_i/axi_timer_1/U0/TC_CORE_I/TIMER_CONTROL_I/READ_DONE0_I_i_1_n_0                                                            |                1 |              1 |         1.00 |
|  BDv1_i/processing_system7_0/inst/FCLK_CLK0 |                                                                                                                                                            | BDv1_i/axi_timer_1/U0/AXI4_LITE_I/I_SLAVE_ATTACHMENT/I_DECODER/GEN_BKEND_CE_REGISTERS[4].ce_out_i_reg[4]_0                      |                1 |              1 |         1.00 |
|  BDv1_i/processing_system7_0/inst/FCLK_CLK0 |                                                                                                                                                            | BDv1_i/axi_timer_0/U0/AXI4_LITE_I/I_SLAVE_ATTACHMENT/I_DECODER/GEN_BKEND_CE_REGISTERS[0].ce_out_i_reg[0]_0                      |                1 |              1 |         1.00 |
|  BDv1_i/processing_system7_0/inst/FCLK_CLK0 |                                                                                                                                                            | BDv1_i/axi_timer_0/U0/AXI4_LITE_I/I_SLAVE_ATTACHMENT/I_DECODER/GEN_BKEND_CE_REGISTERS[4].ce_out_i_reg[4]_0                      |                1 |              1 |         1.00 |
|  BDv1_i/processing_system7_0/inst/FCLK_CLK0 |                                                                                                                                                            | BDv1_i/axi_timer_1/U0/AXI4_LITE_I/I_SLAVE_ATTACHMENT/I_DECODER/GEN_BKEND_CE_REGISTERS[0].ce_out_i_reg[0]_0                      |                1 |              1 |         1.00 |
|  BDv1_i/processing_system7_0/inst/FCLK_CLK0 | BDv1_i/ps7_0_axi_periph/s00_couplers/auto_pc/inst/gen_axilite.gen_b2s_conv.axilite_b2s/WR.b_channel_0/bid_fifo_0/bresp_push                                |                                                                                                                                 |                1 |              2 |         2.00 |
|  BDv1_i/processing_system7_0/inst/FCLK_CLK0 |                                                                                                                                                            | BDv1_i/rst_ps7_0_100M/U0/EXT_LPF/lpf_int                                                                                        |                1 |              4 |         4.00 |
|  BDv1_i/processing_system7_0/inst/FCLK_CLK0 | BDv1_i/axi_timer_1/U0/AXI4_LITE_I/I_SLAVE_ATTACHMENT/I_DECODER/pair0_Select                                                                                | BDv1_i/axi_timer_1/U0/TC_CORE_I/COUNTER_0_I/COUNTER_I/s_axi_aresetn_0                                                           |                1 |              4 |         4.00 |
|  BDv1_i/processing_system7_0/inst/FCLK_CLK0 | BDv1_i/axi_timer_1/U0/AXI4_LITE_I/I_SLAVE_ATTACHMENT/bus2ip_addr_i[4]_i_1_n_0                                                                              | BDv1_i/axi_timer_1/U0/AXI4_LITE_I/I_SLAVE_ATTACHMENT/rst                                                                        |                1 |              4 |         4.00 |
|  BDv1_i/processing_system7_0/inst/FCLK_CLK0 |                                                                                                                                                            | BDv1_i/ps7_0_axi_periph/s00_couplers/auto_pc/inst/gen_axilite.gen_b2s_conv.axilite_b2s/SI_REG/ar.ar_pipe/aresetn_d_reg[1]_inv_0 |                3 |              4 |         1.33 |
|  BDv1_i/processing_system7_0/inst/FCLK_CLK0 |                                                                                                                                                            | BDv1_i/ps7_0_axi_periph/s00_couplers/auto_pc/inst/gen_axilite.gen_b2s_conv.axilite_b2s/SI_REG/aw.aw_pipe/aresetn_d_reg[0]_0     |                3 |              4 |         1.33 |
|  BDv1_i/processing_system7_0/inst/FCLK_CLK0 | BDv1_i/axi_timer_0/U0/AXI4_LITE_I/I_SLAVE_ATTACHMENT/I_DECODER/pair0_Select                                                                                | BDv1_i/axi_timer_0/U0/TC_CORE_I/COUNTER_0_I/COUNTER_I/s_axi_aresetn_0                                                           |                1 |              4 |         4.00 |
|  BDv1_i/processing_system7_0/inst/FCLK_CLK0 | BDv1_i/axi_timer_0/U0/AXI4_LITE_I/I_SLAVE_ATTACHMENT/bus2ip_addr_i[4]_i_1_n_0                                                                              | BDv1_i/axi_timer_0/U0/AXI4_LITE_I/I_SLAVE_ATTACHMENT/rst                                                                        |                1 |              4 |         4.00 |
|  BDv1_i/processing_system7_0/inst/FCLK_CLK0 | BDv1_i/ps7_0_axi_periph/s00_couplers/auto_pc/inst/gen_axilite.gen_b2s_conv.axilite_b2s/RD.r_channel_0/rd_data_fifo_0/cnt_read[4]_i_1_n_0                   | BDv1_i/ps7_0_axi_periph/s00_couplers/auto_pc/inst/gen_axilite.gen_b2s_conv.axilite_b2s/areset_d1                                |                1 |              5 |         5.00 |
|  BDv1_i/processing_system7_0/inst/FCLK_CLK0 | BDv1_i/ps7_0_axi_periph/s00_couplers/auto_pc/inst/gen_axilite.gen_b2s_conv.axilite_b2s/RD.r_channel_0/transaction_fifo_0/cnt_read[4]_i_1__0_n_0            | BDv1_i/ps7_0_axi_periph/s00_couplers/auto_pc/inst/gen_axilite.gen_b2s_conv.axilite_b2s/areset_d1                                |                2 |              5 |         2.50 |
|  BDv1_i/processing_system7_0/inst/FCLK_CLK0 |                                                                                                                                                            | BDv1_i/axi_timer_0/U0/AXI4_LITE_I/I_SLAVE_ATTACHMENT/INCLUDE_DPHASE_TIMER.dpto_cnt[5]_i_1_n_0                                   |                2 |              6 |         3.00 |
|  BDv1_i/processing_system7_0/inst/FCLK_CLK0 |                                                                                                                                                            | BDv1_i/axi_timer_1/U0/AXI4_LITE_I/I_SLAVE_ATTACHMENT/INCLUDE_DPHASE_TIMER.dpto_cnt[5]_i_1_n_0                                   |                2 |              6 |         3.00 |
|  BDv1_i/processing_system7_0/inst/FCLK_CLK0 | BDv1_i/rst_ps7_0_100M/U0/SEQ/seq_cnt_en                                                                                                                    | BDv1_i/rst_ps7_0_100M/U0/SEQ/SEQ_COUNTER/clear                                                                                  |                1 |              6 |         6.00 |
|  BDv1_i/processing_system7_0/inst/FCLK_CLK0 | BDv1_i/axi_timer_0/U0/AXI4_LITE_I/I_SLAVE_ATTACHMENT/start2                                                                                                | BDv1_i/axi_timer_0/U0/AXI4_LITE_I/I_SLAVE_ATTACHMENT/I_DECODER/cs_ce_clr                                                        |                2 |              7 |         3.50 |
|  BDv1_i/processing_system7_0/inst/FCLK_CLK0 | BDv1_i/axi_timer_1/U0/AXI4_LITE_I/I_SLAVE_ATTACHMENT/start2                                                                                                | BDv1_i/axi_timer_1/U0/AXI4_LITE_I/I_SLAVE_ATTACHMENT/I_DECODER/cs_ce_clr                                                        |                2 |              7 |         3.50 |
|  BDv1_i/processing_system7_0/inst/FCLK_CLK0 | BDv1_i/ps7_0_axi_periph/s00_couplers/auto_pc/inst/gen_axilite.gen_b2s_conv.axilite_b2s/RD.ar_channel_0/ar_cmd_fsm_0/E[0]                                   |                                                                                                                                 |                5 |              8 |         1.60 |
|  BDv1_i/processing_system7_0/inst/FCLK_CLK0 | BDv1_i/ps7_0_axi_periph/s00_couplers/auto_pc/inst/gen_axilite.gen_b2s_conv.axilite_b2s/WR.b_channel_0/mhandshake_r                                         | BDv1_i/ps7_0_axi_periph/s00_couplers/auto_pc/inst/gen_axilite.gen_b2s_conv.axilite_b2s/WR.b_channel_0/bid_fifo_0/SR[0]          |                3 |              8 |         2.67 |
|  BDv1_i/processing_system7_0/inst/FCLK_CLK0 | BDv1_i/ps7_0_axi_periph/s00_couplers/auto_pc/inst/gen_axilite.gen_b2s_conv.axilite_b2s/WR.aw_channel_0/aw_cmd_fsm_0/FSM_sequential_state_reg[1]_0[0]       |                                                                                                                                 |                3 |              8 |         2.67 |
|  BDv1_i/processing_system7_0/inst/FCLK_CLK0 | BDv1_i/ps7_0_axi_periph/s00_couplers/auto_pc/inst/gen_axilite.gen_b2s_conv.axilite_b2s/WR.aw_channel_0/cmd_translator_0/incr_cmd_0/axaddr_incr[11]_i_1_n_0 |                                                                                                                                 |                2 |              8 |         4.00 |
|  BDv1_i/processing_system7_0/inst/FCLK_CLK0 | BDv1_i/axi_timer_1/U0/AXI4_LITE_I/I_SLAVE_ATTACHMENT/I_DECODER/bus2ip_wrce[0]                                                                              | BDv1_i/axi_timer_1/U0/TC_CORE_I/COUNTER_0_I/COUNTER_I/s_axi_aresetn_0                                                           |                2 |              8 |         4.00 |
|  BDv1_i/processing_system7_0/inst/FCLK_CLK0 | BDv1_i/axi_timer_0/U0/AXI4_LITE_I/I_SLAVE_ATTACHMENT/I_DECODER/bus2ip_wrce[0]                                                                              | BDv1_i/axi_timer_0/U0/TC_CORE_I/COUNTER_0_I/COUNTER_I/s_axi_aresetn_0                                                           |                3 |              8 |         2.67 |
|  BDv1_i/processing_system7_0/inst/FCLK_CLK0 | BDv1_i/ps7_0_axi_periph/s00_couplers/auto_pc/inst/gen_axilite.gen_b2s_conv.axilite_b2s/RD.ar_channel_0/ar_cmd_fsm_0/sel_first_reg[0]                       |                                                                                                                                 |                3 |              8 |         2.67 |
|  BDv1_i/processing_system7_0/inst/FCLK_CLK0 | BDv1_i/axi_timer_1/U0/AXI4_LITE_I/I_SLAVE_ATTACHMENT/I_DECODER/bus2ip_wrce[1]                                                                              | BDv1_i/axi_timer_1/U0/TC_CORE_I/COUNTER_0_I/COUNTER_I/s_axi_aresetn_0                                                           |                2 |              9 |         4.50 |
|  BDv1_i/processing_system7_0/inst/FCLK_CLK0 | BDv1_i/axi_timer_0/U0/AXI4_LITE_I/I_SLAVE_ATTACHMENT/I_DECODER/bus2ip_wrce[1]                                                                              | BDv1_i/axi_timer_0/U0/TC_CORE_I/COUNTER_0_I/COUNTER_I/s_axi_aresetn_0                                                           |                2 |              9 |         4.50 |
|  BDv1_i/processing_system7_0/inst/FCLK_CLK0 |                                                                                                                                                            | BDv1_i/axi_timer_1/U0/TC_CORE_I/COUNTER_0_I/COUNTER_I/s_axi_aresetn_0                                                           |                2 |             10 |         5.00 |
|  BDv1_i/processing_system7_0/inst/FCLK_CLK0 |                                                                                                                                                            | BDv1_i/axi_timer_0/U0/TC_CORE_I/COUNTER_0_I/COUNTER_I/s_axi_aresetn_0                                                           |                3 |             10 |         3.33 |
|  BDv1_i/processing_system7_0/inst/FCLK_CLK0 |                                                                                                                                                            | BDv1_i/ps7_0_axi_periph/s00_couplers/auto_pc/inst/gen_axilite.gen_b2s_conv.axilite_b2s/areset_d1                                |                4 |             10 |         2.50 |
|  BDv1_i/processing_system7_0/inst/FCLK_CLK0 |                                                                                                                                                            | BDv1_i/axi_timer_1/U0/AXI4_LITE_I/I_SLAVE_ATTACHMENT/rst                                                                        |                4 |             11 |         2.75 |
|  BDv1_i/processing_system7_0/inst/FCLK_CLK0 |                                                                                                                                                            | BDv1_i/axi_timer_0/U0/AXI4_LITE_I/I_SLAVE_ATTACHMENT/rst                                                                        |                5 |             11 |         2.20 |
|  BDv1_i/processing_system7_0/inst/FCLK_CLK0 |                                                                                                                                                            | BDv1_i/ps7_0_axi_periph/xbar/inst/gen_sasd.crossbar_sasd_0/addr_arbiter_inst/SR[0]                                              |                4 |             11 |         2.75 |
|  BDv1_i/processing_system7_0/inst/FCLK_CLK0 | BDv1_i/ps7_0_axi_periph/s00_couplers/auto_pc/inst/gen_axilite.gen_b2s_conv.axilite_b2s/RD.r_channel_0/r_push_r                                             |                                                                                                                                 |                4 |             13 |         3.25 |
|  BDv1_i/processing_system7_0/inst/FCLK_CLK0 | BDv1_i/ps7_0_axi_periph/s00_couplers/auto_pc/inst/gen_axilite.gen_b2s_conv.axilite_b2s/SI_REG/b.b_pipe/s_ready_i_reg_0                                     |                                                                                                                                 |                4 |             14 |         3.50 |
|  BDv1_i/processing_system7_0/inst/FCLK_CLK0 | BDv1_i/ps7_0_axi_periph/s00_couplers/auto_pc/inst/gen_axilite.gen_b2s_conv.axilite_b2s/SI_REG/b.b_pipe/p_1_in                                              |                                                                                                                                 |                4 |             14 |         3.50 |
|  BDv1_i/processing_system7_0/inst/FCLK_CLK0 | BDv1_i/ps7_0_axi_periph/s00_couplers/auto_pc/inst/gen_axilite.gen_b2s_conv.axilite_b2s/WR.b_channel_0/bid_fifo_0/sel                                       |                                                                                                                                 |                3 |             16 |         5.33 |
|  BDv1_i/processing_system7_0/inst/FCLK_CLK0 | BDv1_i/ps7_0_axi_periph/xbar/inst/gen_sasd.crossbar_sasd_0/addr_arbiter_inst/p_0_in1_in                                                                    | BDv1_i/ps7_0_axi_periph/xbar/inst/gen_sasd.crossbar_sasd_0/addr_arbiter_inst/SR[0]                                              |                6 |             19 |         3.17 |
|  BDv1_i/processing_system7_0/inst/FCLK_CLK0 | BDv1_i/ps7_0_axi_periph/s00_couplers/auto_pc/inst/gen_axilite.gen_b2s_conv.axilite_b2s/WR.aw_channel_0/aw_cmd_fsm_0/E[0]                                   |                                                                                                                                 |                6 |             20 |         3.33 |
|  BDv1_i/processing_system7_0/inst/FCLK_CLK0 | BDv1_i/ps7_0_axi_periph/s00_couplers/auto_pc/inst/gen_axilite.gen_b2s_conv.axilite_b2s/RD.ar_channel_0/ar_cmd_fsm_0/m_valid_i_reg[0]                       |                                                                                                                                 |                7 |             20 |         2.86 |
|  BDv1_i/processing_system7_0/inst/FCLK_CLK0 | BDv1_i/axi_timer_1/U0/TC_CORE_I/TIMER_CONTROL_I/CE                                                                                                         | BDv1_i/axi_timer_1/U0/TC_CORE_I/COUNTER_0_I/COUNTER_I/s_axi_aresetn_0                                                           |                9 |             32 |         3.56 |
|  BDv1_i/processing_system7_0/inst/FCLK_CLK0 | BDv1_i/axi_timer_1/U0/TC_CORE_I/TIMER_CONTROL_I/GENERATE_LEVEL_P_S_CDC.SINGLE_BIT.CROSS_PLEVEL_IN2SCNDRY_s_level_out_d4                                    | BDv1_i/axi_timer_1/U0/TC_CORE_I/COUNTER_0_I/COUNTER_I/s_axi_aresetn_0                                                           |                5 |             32 |         6.40 |
|  BDv1_i/processing_system7_0/inst/FCLK_CLK0 | BDv1_i/axi_timer_0/U0/AXI4_LITE_I/I_SLAVE_ATTACHMENT/s_axi_rresp_i                                                                                         | BDv1_i/axi_timer_0/U0/AXI4_LITE_I/I_SLAVE_ATTACHMENT/rst                                                                        |               32 |             32 |         1.00 |
|  BDv1_i/processing_system7_0/inst/FCLK_CLK0 | BDv1_i/axi_timer_1/U0/AXI4_LITE_I/I_SLAVE_ATTACHMENT/s_axi_rresp_i                                                                                         | BDv1_i/axi_timer_1/U0/AXI4_LITE_I/I_SLAVE_ATTACHMENT/rst                                                                        |               32 |             32 |         1.00 |
|  BDv1_i/processing_system7_0/inst/FCLK_CLK0 | BDv1_i/axi_timer_0/U0/TC_CORE_I/TIMER_CONTROL_I/CE                                                                                                         | BDv1_i/axi_timer_0/U0/TC_CORE_I/COUNTER_0_I/COUNTER_I/s_axi_aresetn_0                                                           |                9 |             32 |         3.56 |
|  BDv1_i/processing_system7_0/inst/FCLK_CLK0 | BDv1_i/axi_timer_0/U0/TC_CORE_I/TIMER_CONTROL_I/GENERATE_LEVEL_P_S_CDC.SINGLE_BIT.CROSS_PLEVEL_IN2SCNDRY_s_level_out_d4                                    | BDv1_i/axi_timer_0/U0/TC_CORE_I/COUNTER_0_I/COUNTER_I/s_axi_aresetn_0                                                           |                5 |             32 |         6.40 |
|  BDv1_i/processing_system7_0/inst/FCLK_CLK0 | BDv1_i/ps7_0_axi_periph/s00_couplers/auto_pc/inst/gen_axilite.gen_b2s_conv.axilite_b2s/RD.r_channel_0/rd_data_fifo_0/wr_en0                                |                                                                                                                                 |               10 |             34 |         3.40 |
|  BDv1_i/processing_system7_0/inst/FCLK_CLK0 | BDv1_i/ps7_0_axi_periph/xbar/inst/gen_sasd.crossbar_sasd_0/addr_arbiter_inst/E[0]                                                                          |                                                                                                                                 |                9 |             35 |         3.89 |
|  BDv1_i/processing_system7_0/inst/FCLK_CLK0 | BDv1_i/ps7_0_axi_periph/s00_couplers/auto_pc/inst/gen_axilite.gen_b2s_conv.axilite_b2s/SI_REG/ar.ar_pipe/s_ready_i_reg_0                                   |                                                                                                                                 |               10 |             44 |         4.40 |
|  BDv1_i/processing_system7_0/inst/FCLK_CLK0 | BDv1_i/ps7_0_axi_periph/s00_couplers/auto_pc/inst/gen_axilite.gen_b2s_conv.axilite_b2s/SI_REG/aw.aw_pipe/s_ready_i_reg_0                                   |                                                                                                                                 |               10 |             44 |         4.40 |
|  BDv1_i/processing_system7_0/inst/FCLK_CLK0 | BDv1_i/ps7_0_axi_periph/s00_couplers/auto_pc/inst/gen_axilite.gen_b2s_conv.axilite_b2s/WR.b_channel_0/bid_fifo_0/E[0]                                      |                                                                                                                                 |                8 |             44 |         5.50 |
|  BDv1_i/processing_system7_0/inst/FCLK_CLK0 | BDv1_i/ps7_0_axi_periph/s00_couplers/auto_pc/inst/gen_axilite.gen_b2s_conv.axilite_b2s/RD.ar_channel_0/ar_cmd_fsm_0/m_valid_i_reg_1[0]                     |                                                                                                                                 |                9 |             44 |         4.89 |
|  BDv1_i/processing_system7_0/inst/FCLK_CLK0 | BDv1_i/ps7_0_axi_periph/s00_couplers/auto_pc/inst/gen_axilite.gen_b2s_conv.axilite_b2s/SI_REG/r.r_pipe/s_ready_i_reg_0                                     |                                                                                                                                 |                9 |             47 |         5.22 |
|  BDv1_i/processing_system7_0/inst/FCLK_CLK0 | BDv1_i/ps7_0_axi_periph/s00_couplers/auto_pc/inst/gen_axilite.gen_b2s_conv.axilite_b2s/SI_REG/r.r_pipe/p_1_in                                              |                                                                                                                                 |                7 |             47 |         6.71 |
|  BDv1_i/processing_system7_0/inst/FCLK_CLK0 |                                                                                                                                                            |                                                                                                                                 |               56 |            189 |         3.38 |
+---------------------------------------------+------------------------------------------------------------------------------------------------------------------------------------------------------------+---------------------------------------------------------------------------------------------------------------------------------+------------------+----------------+--------------+


